[2016-11-09 10:53:23] Keyloggeri wtf.INFO: Joku yrittää kirjautua [] []
[2016-11-09 10:53:23] Keyloggeri wtf.INFO: Data parsettu [] []
[2016-11-09 10:53:23] Keyloggeri wtf.INFO: Aletaan kyseleen tietokannalta [] []
[2016-11-09 10:53:23] Keyloggeri wtf.INFO: ID haettu: 2 [] []
[2016-11-09 10:53:23] Keyloggeri wtf.INFO: ID on asetettu [] []
[2016-11-09 10:53:23] Keyloggeri wtf.INFO: saatiin:{"passhash":"c34415f66972fa6289b33301610c5aa4"} [] []
[2016-11-09 10:53:23] Keyloggeri wtf.INFO: passhash haku onnistui c34415f66972fa6289b33301610c5aa4 [] []
[2016-11-09 10:53:23] Keyloggeri wtf.INFO: annettu hash on        c34415f66972fa6289b33301610c5aa4 [] []
[2016-11-09 10:53:23] Keyloggeri wtf.INFO: ONNISTUI 3=====D [] []
[2016-11-09 10:54:38] Keyloggeri wtf.INFO: Joku yrittää kirjautua [] []
[2016-11-09 10:54:38] Keyloggeri wtf.INFO: Data parsettu [] []
[2016-11-09 10:54:38] Keyloggeri wtf.INFO: Aletaan kyseleen tietokannalta [] []
[2016-11-09 10:54:38] Keyloggeri wtf.INFO: ID haettu:  [] []
[2016-11-09 10:54:45] Keyloggeri wtf.INFO: Joku yrittää kirjautua [] []
[2016-11-09 10:54:45] Keyloggeri wtf.INFO: Data parsettu [] []
[2016-11-09 10:54:45] Keyloggeri wtf.INFO: Aletaan kyseleen tietokannalta [] []
[2016-11-09 10:54:45] Keyloggeri wtf.INFO: ID haettu: 2 [] []
[2016-11-09 10:54:45] Keyloggeri wtf.INFO: ID on asetettu [] []
[2016-11-09 10:54:45] Keyloggeri wtf.INFO: saatiin:{"passhash":"c34415f66972fa6289b33301610c5aa4"} [] []
[2016-11-09 10:54:45] Keyloggeri wtf.INFO: passhash haku onnistui c34415f66972fa6289b33301610c5aa4 [] []
[2016-11-09 10:54:45] Keyloggeri wtf.INFO: annettu hash on        c34415f66972fa6289b33301610c5aa4 [] []
[2016-11-09 10:54:45] Keyloggeri wtf.INFO: ONNISTUI 3=====D [] []
[2016-11-09 10:56:20] Keyloggeri wtf.INFO: Joku yrittää kirjautua [] []
[2016-11-09 10:56:20] Keyloggeri wtf.INFO: Data parsettu [] []
[2016-11-09 10:56:20] Keyloggeri wtf.INFO: Aletaan kyseleen tietokannalta [] []
[2016-11-09 10:56:20] Keyloggeri wtf.INFO: ID haettu: 2 [] []
[2016-11-09 10:56:20] Keyloggeri wtf.INFO: ID on asetettu [] []
[2016-11-09 10:56:20] Keyloggeri wtf.INFO: saatiin:{"passhash":"c34415f66972fa6289b33301610c5aa4"} [] []
[2016-11-09 10:56:20] Keyloggeri wtf.INFO: passhash haku onnistui c34415f66972fa6289b33301610c5aa4 [] []
[2016-11-09 10:56:20] Keyloggeri wtf.INFO: annettu hash on        c34415f66972fa6289b33301610c5aa4 [] []
[2016-11-09 10:56:20] Keyloggeri wtf.INFO: ONNISTUI 3=====D [] []
[2016-11-09 11:04:33] Keyloggeri wtf.INFO: Joku yrittää kirjautua [] []
[2016-11-09 11:04:33] Keyloggeri wtf.INFO: Data parsettu [] []
[2016-11-09 11:04:33] Keyloggeri wtf.INFO: Aletaan kyseleen tietokannalta [] []
[2016-11-09 11:04:33] Keyloggeri wtf.INFO: ID haettu: 2 [] []
[2016-11-09 11:04:33] Keyloggeri wtf.INFO: ID on asetettu [] []
[2016-11-09 11:04:33] Keyloggeri wtf.INFO: saatiin:{"passhash":"c34415f66972fa6289b33301610c5aa4"} [] []
[2016-11-09 11:04:33] Keyloggeri wtf.INFO: passhash haku onnistui c34415f66972fa6289b33301610c5aa4 [] []
[2016-11-09 11:04:33] Keyloggeri wtf.INFO: annettu hash on        c34415f66972fa6289b33301610c5aa4 [] []
[2016-11-09 11:04:33] Keyloggeri wtf.INFO: ONNISTUI 3=====D [] []
[2016-11-09 11:13:44] Keyloggeri wtf.INFO: Joku yrittää kirjautua [] []
[2016-11-09 11:13:44] Keyloggeri wtf.INFO: Data parsettu [] []
[2016-11-09 11:13:44] Keyloggeri wtf.INFO: Aletaan kyseleen tietokannalta [] []
[2016-11-09 11:13:44] Keyloggeri wtf.INFO: ID haettu: 2 [] []
[2016-11-09 11:13:44] Keyloggeri wtf.INFO: ID on asetettu [] []
[2016-11-09 11:13:44] Keyloggeri wtf.INFO: saatiin:{"passhash":"c34415f66972fa6289b33301610c5aa4"} [] []
[2016-11-09 11:13:44] Keyloggeri wtf.INFO: passhash haku onnistui c34415f66972fa6289b33301610c5aa4 [] []
[2016-11-09 11:13:44] Keyloggeri wtf.INFO: annettu hash on        c34415f66972fa6289b33301610c5aa4 [] []
[2016-11-09 11:13:44] Keyloggeri wtf.INFO: ONNISTUI 3=====D [] []
[2016-11-09 11:13:58] Keyloggeri wtf.INFO: Joku yrittää kirjautua [] []
[2016-11-09 11:13:58] Keyloggeri wtf.INFO: Data parsettu [] []
[2016-11-09 11:13:58] Keyloggeri wtf.INFO: Aletaan kyseleen tietokannalta [] []
[2016-11-09 11:13:58] Keyloggeri wtf.INFO: ID haettu:  [] []
[2016-11-09 11:14:04] Keyloggeri wtf.INFO: Joku yrittää kirjautua [] []
[2016-11-09 11:14:04] Keyloggeri wtf.INFO: Data parsettu [] []
[2016-11-09 11:14:04] Keyloggeri wtf.INFO: Aletaan kyseleen tietokannalta [] []
[2016-11-09 11:14:04] Keyloggeri wtf.INFO: ID haettu:  [] []
[2016-11-09 11:14:04] Keyloggeri wtf.INFO: Joku yrittää kirjautua [] []
[2016-11-09 11:14:04] Keyloggeri wtf.INFO: Data parsettu [] []
[2016-11-09 11:14:04] Keyloggeri wtf.INFO: Aletaan kyseleen tietokannalta [] []
[2016-11-09 11:14:04] Keyloggeri wtf.INFO: ID haettu:  [] []
[2016-11-09 11:14:04] Keyloggeri wtf.INFO: Joku yrittää kirjautua [] []
[2016-11-09 11:14:04] Keyloggeri wtf.INFO: Data parsettu [] []
[2016-11-09 11:14:04] Keyloggeri wtf.INFO: Aletaan kyseleen tietokannalta [] []
[2016-11-09 11:14:04] Keyloggeri wtf.INFO: ID haettu:  [] []
[2016-11-09 11:15:12] Keyloggeri wtf.INFO: Joku yrittää kirjautua [] []
[2016-11-09 11:15:12] Keyloggeri wtf.INFO: Data parsettu [] []
[2016-11-09 11:15:12] Keyloggeri wtf.INFO: Aletaan kyseleen tietokannalta [] []
[2016-11-09 11:15:12] Keyloggeri wtf.INFO: ID haettu:  [] []
[2017-02-02 17:25:22] Keyloggeri wtf.INFO: Joku yrittää kirjautua [] []
[2017-02-02 17:25:22] Keyloggeri wtf.INFO: Data parsettu [] []
[2017-02-02 17:25:22] Keyloggeri wtf.INFO: Aletaan kyseleen tietokannalta [] []
[2017-02-02 17:25:24] Keyloggeri wtf.INFO: Joku yrittää kirjautua [] []
[2017-02-02 17:25:24] Keyloggeri wtf.INFO: Data parsettu [] []
[2017-02-02 17:25:24] Keyloggeri wtf.INFO: Aletaan kyseleen tietokannalta [] []
[2017-02-02 17:25:25] Keyloggeri wtf.INFO: Joku yrittää kirjautua [] []
[2017-02-02 17:25:25] Keyloggeri wtf.INFO: Data parsettu [] []
[2017-02-02 17:25:25] Keyloggeri wtf.INFO: Aletaan kyseleen tietokannalta [] []
[2017-02-02 17:25:26] Keyloggeri wtf.INFO: Joku yrittää kirjautua [] []
[2017-02-02 17:25:26] Keyloggeri wtf.INFO: Data parsettu [] []
[2017-02-02 17:25:26] Keyloggeri wtf.INFO: Aletaan kyseleen tietokannalta [] []
[2017-02-02 17:25:27] Keyloggeri wtf.INFO: Joku yrittää kirjautua [] []
[2017-02-02 17:25:27] Keyloggeri wtf.INFO: Data parsettu [] []
[2017-02-02 17:25:27] Keyloggeri wtf.INFO: Aletaan kyseleen tietokannalta [] []
[2017-02-02 17:25:27] Keyloggeri wtf.INFO: Joku yrittää kirjautua [] []
[2017-02-02 17:25:27] Keyloggeri wtf.INFO: Data parsettu [] []
[2017-02-02 17:25:27] Keyloggeri wtf.INFO: Aletaan kyseleen tietokannalta [] []
[2017-02-02 17:25:28] Keyloggeri wtf.INFO: Joku yrittää kirjautua [] []
[2017-02-02 17:25:28] Keyloggeri wtf.INFO: Data parsettu [] []
[2017-02-02 17:25:28] Keyloggeri wtf.INFO: Aletaan kyseleen tietokannalta [] []
[2017-02-02 17:25:28] Keyloggeri wtf.INFO: Joku yrittää kirjautua [] []
[2017-02-02 17:25:28] Keyloggeri wtf.INFO: Data parsettu [] []
[2017-02-02 17:25:28] Keyloggeri wtf.INFO: Aletaan kyseleen tietokannalta [] []
[2017-02-02 17:25:29] Keyloggeri wtf.INFO: Joku yrittää kirjautua [] []
[2017-02-02 17:25:29] Keyloggeri wtf.INFO: Data parsettu [] []
[2017-02-02 17:25:29] Keyloggeri wtf.INFO: Aletaan kyseleen tietokannalta [] []
[2017-02-02 17:30:47] Keyloggeri wtf.INFO: Joku yrittää kirjautua [] []
[2017-02-02 17:30:47] Keyloggeri wtf.INFO: Data parsettu [] []
[2017-02-02 17:30:47] Keyloggeri wtf.INFO: Aletaan kyseleen tietokannalta [] []
[2017-02-02 17:30:48] Keyloggeri wtf.INFO: Joku yrittää kirjautua [] []
[2017-02-02 17:30:48] Keyloggeri wtf.INFO: Data parsettu [] []
[2017-02-02 17:30:48] Keyloggeri wtf.INFO: Aletaan kyseleen tietokannalta [] []
[2017-02-02 17:30:48] Keyloggeri wtf.INFO: Joku yrittää kirjautua [] []
[2017-02-02 17:30:48] Keyloggeri wtf.INFO: Data parsettu [] []
[2017-02-02 17:30:48] Keyloggeri wtf.INFO: Aletaan kyseleen tietokannalta [] []
[2017-02-02 17:30:49] Keyloggeri wtf.INFO: Joku yrittää kirjautua [] []
[2017-02-02 17:30:49] Keyloggeri wtf.INFO: Data parsettu [] []
[2017-02-02 17:30:49] Keyloggeri wtf.INFO: Aletaan kyseleen tietokannalta [] []
[2017-02-02 17:30:49] Keyloggeri wtf.INFO: Joku yrittää kirjautua [] []
[2017-02-02 17:30:49] Keyloggeri wtf.INFO: Data parsettu [] []
[2017-02-02 17:30:49] Keyloggeri wtf.INFO: Aletaan kyseleen tietokannalta [] []
[2017-02-02 17:30:49] Keyloggeri wtf.INFO: Joku yrittää kirjautua [] []
[2017-02-02 17:30:49] Keyloggeri wtf.INFO: Data parsettu [] []
[2017-02-02 17:30:49] Keyloggeri wtf.INFO: Aletaan kyseleen tietokannalta [] []
[2017-02-02 17:30:49] Keyloggeri wtf.INFO: Joku yrittää kirjautua [] []
[2017-02-02 17:30:49] Keyloggeri wtf.INFO: Data parsettu [] []
[2017-02-02 17:30:49] Keyloggeri wtf.INFO: Aletaan kyseleen tietokannalta [] []
[2017-02-02 17:30:50] Keyloggeri wtf.INFO: Joku yrittää kirjautua [] []
[2017-02-02 17:30:50] Keyloggeri wtf.INFO: Data parsettu [] []
[2017-02-02 17:30:50] Keyloggeri wtf.INFO: Aletaan kyseleen tietokannalta [] []
[2017-02-02 17:30:50] Keyloggeri wtf.INFO: Joku yrittää kirjautua [] []
[2017-02-02 17:30:50] Keyloggeri wtf.INFO: Data parsettu [] []
[2017-02-02 17:30:50] Keyloggeri wtf.INFO: Aletaan kyseleen tietokannalta [] []
[2017-02-02 17:30:51] Keyloggeri wtf.INFO: Joku yrittää kirjautua [] []
[2017-02-02 17:30:51] Keyloggeri wtf.INFO: Data parsettu [] []
[2017-02-02 17:30:51] Keyloggeri wtf.INFO: Aletaan kyseleen tietokannalta [] []
[2017-02-02 17:30:51] Keyloggeri wtf.INFO: Joku yrittää kirjautua [] []
[2017-02-02 17:30:51] Keyloggeri wtf.INFO: Data parsettu [] []
[2017-02-02 17:30:51] Keyloggeri wtf.INFO: Aletaan kyseleen tietokannalta [] []
[2017-02-02 17:30:51] Keyloggeri wtf.INFO: Joku yrittää kirjautua [] []
[2017-02-02 17:30:51] Keyloggeri wtf.INFO: Data parsettu [] []
[2017-02-02 17:30:51] Keyloggeri wtf.INFO: Aletaan kyseleen tietokannalta [] []
[2017-02-02 17:30:51] Keyloggeri wtf.INFO: Joku yrittää kirjautua [] []
[2017-02-02 17:30:51] Keyloggeri wtf.INFO: Data parsettu [] []
[2017-02-02 17:30:51] Keyloggeri wtf.INFO: Aletaan kyseleen tietokannalta [] []
[2017-02-02 17:30:52] Keyloggeri wtf.INFO: Joku yrittää kirjautua [] []
[2017-02-02 17:30:52] Keyloggeri wtf.INFO: Data parsettu [] []
[2017-02-02 17:30:52] Keyloggeri wtf.INFO: Aletaan kyseleen tietokannalta [] []
[2017-02-02 17:31:51] Keyloggeri wtf.INFO: Joku yrittää kirjautua [] []
[2017-02-02 17:31:51] Keyloggeri wtf.INFO: Data parsettu [] []
[2017-02-02 17:31:51] Keyloggeri wtf.INFO: Aletaan kyseleen tietokannalta [] []
[2017-02-02 17:31:51] Keyloggeri wtf.INFO: ID haettu:  [] []
[2017-02-02 17:32:58] Keyloggeri wtf.INFO: Joku yrittää kirjautua [] []
[2017-02-02 17:32:58] Keyloggeri wtf.INFO: Data parsettu [] []
[2017-02-02 17:32:58] Keyloggeri wtf.INFO: Aletaan kyseleen tietokannalta [] []
[2017-02-02 17:32:58] Keyloggeri wtf.INFO: ID haettu: 2 [] []
[2017-02-02 17:32:58] Keyloggeri wtf.INFO: ID on asetettu [] []
[2017-02-02 17:32:58] Keyloggeri wtf.INFO: saatiin:{"passhash":"c34415f66972fa6289b33301610c5aa4"} [] []
[2017-02-02 17:32:58] Keyloggeri wtf.INFO: passhash haku onnistui c34415f66972fa6289b33301610c5aa4 [] []
[2017-02-02 17:32:58] Keyloggeri wtf.INFO: annettu hash on        e963dbb163869a3e98bf0757485934d7 [] []
[2017-02-02 17:33:04] Keyloggeri wtf.INFO: Joku yrittää kirjautua [] []
[2017-02-02 17:33:04] Keyloggeri wtf.INFO: Data parsettu [] []
[2017-02-02 17:33:04] Keyloggeri wtf.INFO: Aletaan kyseleen tietokannalta [] []
[2017-02-02 17:33:04] Keyloggeri wtf.INFO: ID haettu: 2 [] []
[2017-02-02 17:33:04] Keyloggeri wtf.INFO: ID on asetettu [] []
[2017-02-02 17:33:04] Keyloggeri wtf.INFO: saatiin:{"passhash":"c34415f66972fa6289b33301610c5aa4"} [] []
[2017-02-02 17:33:04] Keyloggeri wtf.INFO: passhash haku onnistui c34415f66972fa6289b33301610c5aa4 [] []
[2017-02-02 17:33:04] Keyloggeri wtf.INFO: annettu hash on        e963dbb163869a3e98bf0757485934d7 [] []
[2017-02-02 17:33:05] Keyloggeri wtf.INFO: Joku yrittää kirjautua [] []
[2017-02-02 17:33:05] Keyloggeri wtf.INFO: Data parsettu [] []
[2017-02-02 17:33:05] Keyloggeri wtf.INFO: Aletaan kyseleen tietokannalta [] []
[2017-02-02 17:33:05] Keyloggeri wtf.INFO: ID haettu: 2 [] []
[2017-02-02 17:33:05] Keyloggeri wtf.INFO: ID on asetettu [] []
[2017-02-02 17:33:05] Keyloggeri wtf.INFO: saatiin:{"passhash":"c34415f66972fa6289b33301610c5aa4"} [] []
[2017-02-02 17:33:05] Keyloggeri wtf.INFO: passhash haku onnistui c34415f66972fa6289b33301610c5aa4 [] []
[2017-02-02 17:33:05] Keyloggeri wtf.INFO: annettu hash on        e963dbb163869a3e98bf0757485934d7 [] []
[2017-02-02 17:34:42] Keyloggeri wtf.INFO: Joku yrittää kirjautua [] []
[2017-02-02 17:34:42] Keyloggeri wtf.INFO: Data parsettu [] []
[2017-02-02 17:34:42] Keyloggeri wtf.INFO: Aletaan kyseleen tietokannalta [] []
[2017-02-02 17:34:42] Keyloggeri wtf.INFO: ID haettu: 2 [] []
[2017-02-02 17:34:42] Keyloggeri wtf.INFO: ID on asetettu [] []
[2017-02-02 17:34:42] Keyloggeri wtf.INFO: saatiin:{"passhash":"e963dbb163869a3e98bf0757485934d7"} [] []
[2017-02-02 17:34:42] Keyloggeri wtf.INFO: passhash haku onnistui e963dbb163869a3e98bf0757485934d7 [] []
[2017-02-02 17:34:42] Keyloggeri wtf.INFO: annettu hash on        e963dbb163869a3e98bf0757485934d7 [] []
[2017-02-02 17:34:42] Keyloggeri wtf.INFO: ONNISTUI 3=====D [] []
[2017-02-02 18:32:35] Keyloggeri wtf.INFO: Joku yrittää kirjautua [] []
[2017-02-02 18:32:35] Keyloggeri wtf.INFO: Data parsettu [] []
[2017-02-02 18:32:35] Keyloggeri wtf.INFO: Aletaan kyseleen tietokannalta [] []
[2017-02-02 18:32:35] Keyloggeri wtf.INFO: ID haettu: 2 [] []
[2017-02-02 18:32:35] Keyloggeri wtf.INFO: ID on asetettu [] []
[2017-02-02 18:32:35] Keyloggeri wtf.INFO: saatiin:{"passhash":"e963dbb163869a3e98bf0757485934d7"} [] []
[2017-02-02 18:32:35] Keyloggeri wtf.INFO: passhash haku onnistui e963dbb163869a3e98bf0757485934d7 [] []
[2017-02-02 18:32:35] Keyloggeri wtf.INFO: annettu hash on        e963dbb163869a3e98bf0757485934d7 [] []
[2017-02-02 18:32:35] Keyloggeri wtf.INFO: ONNISTUI 3=====D [] []
[2017-02-02 18:33:45] Keyloggeri wtf.INFO: Joku yrittää kirjautua [] []
[2017-02-02 18:33:45] Keyloggeri wtf.INFO: Data parsettu [] []
[2017-02-02 18:33:45] Keyloggeri wtf.INFO: Aletaan kyseleen tietokannalta [] []
[2017-02-02 18:33:45] Keyloggeri wtf.INFO: ID haettu:  [] []
[2017-02-02 18:33:46] Keyloggeri wtf.INFO: Joku yrittää kirjautua [] []
[2017-02-02 18:33:46] Keyloggeri wtf.INFO: Data parsettu [] []
[2017-02-02 18:33:46] Keyloggeri wtf.INFO: Aletaan kyseleen tietokannalta [] []
[2017-02-02 18:33:46] Keyloggeri wtf.INFO: ID haettu:  [] []
[2017-02-02 18:33:48] Keyloggeri wtf.INFO: Joku yrittää kirjautua [] []
[2017-02-02 18:33:48] Keyloggeri wtf.INFO: Data parsettu [] []
[2017-02-02 18:33:48] Keyloggeri wtf.INFO: Aletaan kyseleen tietokannalta [] []
[2017-02-02 18:33:48] Keyloggeri wtf.INFO: ID haettu:  [] []
[2017-02-02 18:33:48] Keyloggeri wtf.INFO: Joku yrittää kirjautua [] []
[2017-02-02 18:33:48] Keyloggeri wtf.INFO: Data parsettu [] []
[2017-02-02 18:33:48] Keyloggeri wtf.INFO: Aletaan kyseleen tietokannalta [] []
[2017-02-02 18:33:48] Keyloggeri wtf.INFO: ID haettu:  [] []
[2017-02-02 18:33:48] Keyloggeri wtf.INFO: Joku yrittää kirjautua [] []
[2017-02-02 18:33:48] Keyloggeri wtf.INFO: Data parsettu [] []
[2017-02-02 18:33:48] Keyloggeri wtf.INFO: Aletaan kyseleen tietokannalta [] []
[2017-02-02 18:33:48] Keyloggeri wtf.INFO: ID haettu:  [] []
[2017-02-02 18:33:57] Keyloggeri wtf.INFO: Joku yrittää kirjautua [] []
[2017-02-02 18:33:57] Keyloggeri wtf.INFO: Data parsettu [] []
[2017-02-02 18:33:57] Keyloggeri wtf.INFO: Aletaan kyseleen tietokannalta [] []
[2017-02-02 18:33:57] Keyloggeri wtf.INFO: ID haettu: 2 [] []
[2017-02-02 18:33:57] Keyloggeri wtf.INFO: ID on asetettu [] []
[2017-02-02 18:33:57] Keyloggeri wtf.INFO: saatiin:{"passhash":"e963dbb163869a3e98bf0757485934d7"} [] []
[2017-02-02 18:33:57] Keyloggeri wtf.INFO: passhash haku onnistui e963dbb163869a3e98bf0757485934d7 [] []
[2017-02-02 18:33:57] Keyloggeri wtf.INFO: annettu hash on        e963dbb163869a3e98bf0757485934d7 [] []
[2017-02-02 18:33:57] Keyloggeri wtf.INFO: ONNISTUI 3=====D [] []
